0 info it worked if it ends with ok
1 verbose cli [ '/usr/bin/node', '/usr/bin/npm', 'install' ]
2 info using npm@1.4.28
3 info using node@v0.10.40
4 verbose node symlink /usr/bin/node
5 verbose readDependencies using package.json deps
6 verbose install where, deps [ '/home/sergey/projects/Podyum',
6 verbose install   [ 'body-parser',
6 verbose install     'composable-middleware',
6 verbose install     'compression',
6 verbose install     'connect-mongo',
6 verbose install     'connect-redis',
6 verbose install     'cookie-parser',
6 verbose install     'ejs',
6 verbose install     'errorhandler',
6 verbose install     'express',
6 verbose install     'express-jwt',
6 verbose install     'express-session',
6 verbose install     'jade',
6 verbose install     'jsonwebtoken',
6 verbose install     'lodash',
6 verbose install     'method-override',
6 verbose install     'mongodb',
6 verbose install     'mongoose',
6 verbose install     'mongoose-q',
6 verbose install     'morgan',
6 verbose install     'multiparty',
6 verbose install     'mv',
6 verbose install     'orientjs',
6 verbose install     'passport',
6 verbose install     'passport-facebook',
6 verbose install     'passport-google-oauth',
6 verbose install     'passport-local',
6 verbose install     'passport-twitter',
6 verbose install     'paypal-rest-sdk',
6 verbose install     'q',
6 verbose install     'randomstring',
6 verbose install     'serve-favicon',
6 verbose install     'socket.io',
6 verbose install     'socket.io-client',
6 verbose install     'socketio-jwt',
6 verbose install     'util',
6 verbose install     'connect-livereload',
6 verbose install     'grunt',
6 verbose install     'grunt-angular-templates',
6 verbose install     'grunt-asset-injector',
6 verbose install     'grunt-autoprefixer',
6 verbose install     'grunt-build-control',
6 verbose install     'grunt-concurrent',
6 verbose install     'grunt-contrib-clean',
6 verbose install     'grunt-contrib-concat',
6 verbose install     'grunt-contrib-copy',
6 verbose install     'grunt-contrib-cssmin',
6 verbose install     'grunt-contrib-htmlmin',
6 verbose install     'grunt-contrib-imagemin',
6 verbose install     'grunt-contrib-jshint',
6 verbose install     'grunt-contrib-uglify',
6 verbose install     'grunt-contrib-watch',
6 verbose install     'grunt-dom-munger',
6 verbose install     'grunt-env',
6 verbose install     'grunt-express-server',
6 verbose install     'grunt-google-cdn',
6 verbose install     'grunt-karma',
6 verbose install     'grunt-mocha-test',
6 verbose install     'grunt-newer',
6 verbose install     'grunt-ng-annotate',
6 verbose install     'grunt-node-inspector',
6 verbose install     'grunt-nodemon',
6 verbose install     'grunt-open',
6 verbose install     'grunt-protractor-runner',
6 verbose install     'grunt-rev',
6 verbose install     'grunt-svgmin',
6 verbose install     'grunt-usemin',
6 verbose install     'grunt-wiredep',
6 verbose install     'jit-grunt',
6 verbose install     'jshint-stylish',
6 verbose install     'karma',
6 verbose install     'karma-chrome-launcher',
6 verbose install     'karma-coffee-preprocessor',
6 verbose install     'karma-firefox-launcher',
6 verbose install     'karma-html2js-preprocessor',
6 verbose install     'karma-jade-preprocessor',
6 verbose install     'karma-jasmine',
6 verbose install     'karma-ng-html2js-preprocessor',
6 verbose install     'karma-ng-jade2js-preprocessor',
6 verbose install     'karma-ng-scenario',
6 verbose install     'karma-phantomjs-launcher',
6 verbose install     'karma-requirejs',
6 verbose install     'karma-script-launcher',
6 verbose install     'open',
6 verbose install     'requirejs',
6 verbose install     'should',
6 verbose install     'supertest',
6 verbose install     'time-grunt',
6 verbose install     'grunt-contrib-jade',
6 verbose install     'grunt-contrib-less' ] ]
7 info preinstall abroadathletes@0.0.0
8 warn package.json karma-coffee-preprocessor@0.2.1 No README data
9 warn package.json karma-phantomjs-launcher@0.1.4 No README data
10 warn package.json passport-local@0.1.6 No README data
11 warn package.json util@0.10.3 util is also the name of a node core module.
12 verbose readDependencies using package.json deps
13 verbose already installed skipping passport-local@~0.1.6 /home/sergey/projects/Podyum
14 verbose cache add [ 'passport-twitter@latest', null ]
15 verbose cache add name=undefined spec="passport-twitter@latest" args=["passport-twitter@latest",null]
16 verbose parsed url { protocol: null,
16 verbose parsed url   slashes: null,
16 verbose parsed url   auth: null,
16 verbose parsed url   host: null,
16 verbose parsed url   port: null,
16 verbose parsed url   hostname: null,
16 verbose parsed url   hash: null,
16 verbose parsed url   search: null,
16 verbose parsed url   query: null,
16 verbose parsed url   pathname: 'passport-twitter@latest',
16 verbose parsed url   path: 'passport-twitter@latest',
16 verbose parsed url   href: 'passport-twitter@latest' }
17 verbose already installed skipping paypal-rest-sdk@^1.6.3 /home/sergey/projects/Podyum
18 verbose already installed skipping q@^1.4.1 /home/sergey/projects/Podyum
19 verbose already installed skipping randomstring@^1.0.5 /home/sergey/projects/Podyum
20 verbose cache add name="passport-twitter" spec="latest" args=["passport-twitter","latest"]
21 verbose parsed url { protocol: null,
21 verbose parsed url   slashes: null,
21 verbose parsed url   auth: null,
21 verbose parsed url   host: null,
21 verbose parsed url   port: null,
21 verbose parsed url   hostname: null,
21 verbose parsed url   hash: null,
21 verbose parsed url   search: null,
21 verbose parsed url   query: null,
21 verbose parsed url   pathname: 'latest',
21 verbose parsed url   path: 'latest',
21 verbose parsed url   href: 'latest' }
22 verbose addNamed [ 'passport-twitter', 'latest' ]
23 verbose addNamed [ null, null ]
24 verbose already installed skipping serve-favicon@~2.0.1 /home/sergey/projects/Podyum
25 silly lockFile d5de964c-passport-twitter-latest passport-twitter@latest
26 verbose lock passport-twitter@latest /home/sergey/.npm/d5de964c-passport-twitter-latest.lock
27 verbose already installed skipping socket.io@^1.0.6 /home/sergey/projects/Podyum
28 info addNameTag [ 'passport-twitter', 'latest' ]
29 verbose already installed skipping socket.io-client@^1.0.6 /home/sergey/projects/Podyum
30 verbose already installed skipping socketio-jwt@^2.0.2 /home/sergey/projects/Podyum
31 verbose already installed skipping util@^0.10.3 /home/sergey/projects/Podyum
32 verbose already installed skipping connect-livereload@~0.4.0 /home/sergey/projects/Podyum
33 verbose already installed skipping grunt@^0.4.5 /home/sergey/projects/Podyum
34 verbose already installed skipping grunt-angular-templates@^0.5.4 /home/sergey/projects/Podyum
35 verbose already installed skipping grunt-asset-injector@^0.1.0 /home/sergey/projects/Podyum
36 verbose already installed skipping grunt-autoprefixer@~0.7.2 /home/sergey/projects/Podyum
37 verbose cache add [ 'grunt-build-control@git+https://github.com/DaftMonk/grunt-build-control',
37 verbose cache add   null ]
38 verbose cache add name=undefined spec="grunt-build-control@git+https://github.com/DaftMonk/grunt-build-control" args=["grunt-build-control@git+https://github.com/DaftMonk/grunt-build-control",null]
39 verbose parsed url { protocol: null,
39 verbose parsed url   slashes: null,
39 verbose parsed url   auth: null,
39 verbose parsed url   host: null,
39 verbose parsed url   port: null,
39 verbose parsed url   hostname: null,
39 verbose parsed url   hash: null,
39 verbose parsed url   search: null,
39 verbose parsed url   query: null,
39 verbose parsed url   pathname: 'grunt-build-control@git+https://github.com/DaftMonk/grunt-build-control',
39 verbose parsed url   path: 'grunt-build-control@git+https://github.com/DaftMonk/grunt-build-control',
39 verbose parsed url   href: 'grunt-build-control@git+https://github.com/DaftMonk/grunt-build-control' }
40 verbose already installed skipping grunt-concurrent@~0.5.0 /home/sergey/projects/Podyum
41 verbose cache add name="grunt-build-control" spec="git+https://github.com/DaftMonk/grunt-build-control" args=["grunt-build-control","git+https://github.com/DaftMonk/grunt-build-control"]
42 verbose parsed url { protocol: 'git+https:',
42 verbose parsed url   slashes: true,
42 verbose parsed url   auth: null,
42 verbose parsed url   host: 'github.com',
42 verbose parsed url   port: null,
42 verbose parsed url   hostname: 'github.com',
42 verbose parsed url   hash: null,
42 verbose parsed url   search: null,
42 verbose parsed url   query: null,
42 verbose parsed url   pathname: '/DaftMonk/grunt-build-control',
42 verbose parsed url   path: '/DaftMonk/grunt-build-control',
42 verbose parsed url   href: 'git+https://github.com/DaftMonk/grunt-build-control' }
43 silly lockFile 7e4d577b-com-DaftMonk-grunt-build-control https://github.com/DaftMonk/grunt-build-control
44 verbose lock https://github.com/DaftMonk/grunt-build-control /home/sergey/.npm/7e4d577b-com-DaftMonk-grunt-build-control.lock
45 verbose already installed skipping grunt-contrib-clean@~0.5.0 /home/sergey/projects/Podyum
46 verbose already installed skipping grunt-contrib-concat@~0.4.0 /home/sergey/projects/Podyum
47 verbose addRemoteGit [ 'https://github.com/DaftMonk/grunt-build-control', 'master' ]
48 verbose already installed skipping grunt-contrib-copy@~0.5.0 /home/sergey/projects/Podyum
49 verbose already installed skipping grunt-contrib-cssmin@~0.9.0 /home/sergey/projects/Podyum
50 verbose already installed skipping grunt-contrib-htmlmin@~0.2.0 /home/sergey/projects/Podyum
51 verbose already installed skipping grunt-contrib-imagemin@~0.7.1 /home/sergey/projects/Podyum
52 verbose already installed skipping grunt-contrib-jshint@~0.10.0 /home/sergey/projects/Podyum
53 verbose already installed skipping grunt-contrib-uglify@~0.4.0 /home/sergey/projects/Podyum
54 verbose already installed skipping grunt-contrib-watch@~0.6.1 /home/sergey/projects/Podyum
55 verbose already installed skipping grunt-dom-munger@^3.4.0 /home/sergey/projects/Podyum
56 verbose already installed skipping grunt-env@~0.4.1 /home/sergey/projects/Podyum
57 verbose already installed skipping grunt-express-server@~0.4.17 /home/sergey/projects/Podyum
58 verbose already installed skipping grunt-google-cdn@~0.4.0 /home/sergey/projects/Podyum
59 verbose already installed skipping grunt-karma@~0.8.2 /home/sergey/projects/Podyum
60 verbose already installed skipping grunt-mocha-test@~0.10.2 /home/sergey/projects/Podyum
61 verbose git remote.origin.url https://github.com/DaftMonk/grunt-build-control
62 verbose already installed skipping grunt-newer@~0.7.0 /home/sergey/projects/Podyum
63 verbose already installed skipping grunt-ng-annotate@^0.2.3 /home/sergey/projects/Podyum
64 verbose already installed skipping grunt-node-inspector@~0.1.5 /home/sergey/projects/Podyum
65 verbose already installed skipping grunt-nodemon@~0.2.0 /home/sergey/projects/Podyum
66 verbose already installed skipping grunt-open@~0.2.3 /home/sergey/projects/Podyum
67 verbose already installed skipping grunt-protractor-runner@^1.1.0 /home/sergey/projects/Podyum
68 verbose already installed skipping grunt-rev@~0.1.0 /home/sergey/projects/Podyum
69 verbose already installed skipping grunt-svgmin@~0.4.0 /home/sergey/projects/Podyum
70 verbose request where is /passport-twitter
71 verbose request registry https://registry.npmjs.org/
72 verbose request id ef16f1909d6f39e0
73 verbose url raw /passport-twitter
74 verbose url resolving [ 'https://registry.npmjs.org/', './passport-twitter' ]
75 verbose url resolved https://registry.npmjs.org/passport-twitter
76 verbose request where is https://registry.npmjs.org/passport-twitter
77 info trying registry request attempt 1 at 15:08:09
78 verbose etag "8ZUAABZMN3CXD0O1U3542IBSQ"
79 http GET https://registry.npmjs.org/passport-twitter
80 verbose already installed skipping grunt-usemin@~2.1.1 /home/sergey/projects/Podyum
81 verbose already installed skipping grunt-wiredep@~1.8.0 /home/sergey/projects/Podyum
82 verbose already installed skipping jit-grunt@^0.5.0 /home/sergey/projects/Podyum
83 verbose already installed skipping jshint-stylish@~0.1.5 /home/sergey/projects/Podyum
84 verbose already installed skipping karma@~0.12.9 /home/sergey/projects/Podyum
85 verbose already installed skipping karma-chrome-launcher@~0.1.3 /home/sergey/projects/Podyum
86 verbose already installed skipping karma-coffee-preprocessor@~0.2.1 /home/sergey/projects/Podyum
87 verbose already installed skipping karma-firefox-launcher@~0.1.3 /home/sergey/projects/Podyum
88 verbose already installed skipping karma-html2js-preprocessor@~0.1.0 /home/sergey/projects/Podyum
89 verbose already installed skipping karma-jade-preprocessor@0.0.11 /home/sergey/projects/Podyum
90 verbose already installed skipping karma-jasmine@~0.1.5 /home/sergey/projects/Podyum
91 verbose already installed skipping karma-ng-html2js-preprocessor@~0.1.0 /home/sergey/projects/Podyum
92 verbose already installed skipping karma-ng-jade2js-preprocessor@^0.1.2 /home/sergey/projects/Podyum
93 verbose already installed skipping karma-ng-scenario@~0.1.0 /home/sergey/projects/Podyum
94 verbose already installed skipping karma-phantomjs-launcher@~0.1.4 /home/sergey/projects/Podyum
95 verbose already installed skipping karma-requirejs@~0.2.1 /home/sergey/projects/Podyum
96 verbose already installed skipping karma-script-launcher@~0.1.0 /home/sergey/projects/Podyum
97 verbose already installed skipping open@~0.0.4 /home/sergey/projects/Podyum
98 verbose already installed skipping requirejs@~2.1.11 /home/sergey/projects/Podyum
99 verbose already installed skipping should@~3.3.1 /home/sergey/projects/Podyum
100 verbose already installed skipping supertest@~0.11.0 /home/sergey/projects/Podyum
101 verbose already installed skipping time-grunt@~0.3.1 /home/sergey/projects/Podyum
102 verbose already installed skipping grunt-contrib-jade@^0.11.0 /home/sergey/projects/Podyum
103 verbose already installed skipping grunt-contrib-less@^0.11.0 /home/sergey/projects/Podyum
104 verbose already installed skipping body-parser@~1.5.0 /home/sergey/projects/Podyum
105 verbose already installed skipping composable-middleware@^0.3.0 /home/sergey/projects/Podyum
106 verbose already installed skipping compression@~1.0.1 /home/sergey/projects/Podyum
107 verbose already installed skipping connect-mongo@^0.4.1 /home/sergey/projects/Podyum
108 verbose already installed skipping connect-redis@^2.5.0 /home/sergey/projects/Podyum
109 verbose already installed skipping cookie-parser@~1.0.1 /home/sergey/projects/Podyum
110 verbose already installed skipping ejs@~0.8.4 /home/sergey/projects/Podyum
111 verbose already installed skipping errorhandler@~1.0.0 /home/sergey/projects/Podyum
112 verbose already installed skipping express@~4.0.0 /home/sergey/projects/Podyum
113 verbose already installed skipping express-jwt@^0.1.3 /home/sergey/projects/Podyum
114 verbose already installed skipping express-session@~1.0.2 /home/sergey/projects/Podyum
115 verbose already installed skipping jade@~1.2.0 /home/sergey/projects/Podyum
116 verbose already installed skipping jsonwebtoken@^0.3.0 /home/sergey/projects/Podyum
117 verbose already installed skipping lodash@~3.10.1 /home/sergey/projects/Podyum
118 verbose already installed skipping method-override@~1.0.0 /home/sergey/projects/Podyum
119 verbose already installed skipping mongodb@^2.0.48 /home/sergey/projects/Podyum
120 verbose already installed skipping mongoose@~3.8.8 /home/sergey/projects/Podyum
121 verbose already installed skipping mongoose-q@0.0.17 /home/sergey/projects/Podyum
122 verbose already installed skipping morgan@~1.0.0 /home/sergey/projects/Podyum
123 verbose already installed skipping multiparty@^4.1.1 /home/sergey/projects/Podyum
124 verbose already installed skipping mv@^2.0.3 /home/sergey/projects/Podyum
125 verbose already installed skipping orientjs@^2.1.0 /home/sergey/projects/Podyum
126 verbose already installed skipping passport@~0.2.0 /home/sergey/projects/Podyum
127 verbose cache add [ 'passport-facebook@latest', null ]
128 verbose cache add name=undefined spec="passport-facebook@latest" args=["passport-facebook@latest",null]
129 verbose parsed url { protocol: null,
129 verbose parsed url   slashes: null,
129 verbose parsed url   auth: null,
129 verbose parsed url   host: null,
129 verbose parsed url   port: null,
129 verbose parsed url   hostname: null,
129 verbose parsed url   hash: null,
129 verbose parsed url   search: null,
129 verbose parsed url   query: null,
129 verbose parsed url   pathname: 'passport-facebook@latest',
129 verbose parsed url   path: 'passport-facebook@latest',
129 verbose parsed url   href: 'passport-facebook@latest' }
130 verbose cache add [ 'passport-google-oauth@latest', null ]
131 verbose cache add name=undefined spec="passport-google-oauth@latest" args=["passport-google-oauth@latest",null]
132 verbose parsed url { protocol: null,
132 verbose parsed url   slashes: null,
132 verbose parsed url   auth: null,
132 verbose parsed url   host: null,
132 verbose parsed url   port: null,
132 verbose parsed url   hostname: null,
132 verbose parsed url   hash: null,
132 verbose parsed url   search: null,
132 verbose parsed url   query: null,
132 verbose parsed url   pathname: 'passport-google-oauth@latest',
132 verbose parsed url   path: 'passport-google-oauth@latest',
132 verbose parsed url   href: 'passport-google-oauth@latest' }
133 verbose cache add name="passport-facebook" spec="latest" args=["passport-facebook","latest"]
134 verbose parsed url { protocol: null,
134 verbose parsed url   slashes: null,
134 verbose parsed url   auth: null,
134 verbose parsed url   host: null,
134 verbose parsed url   port: null,
134 verbose parsed url   hostname: null,
134 verbose parsed url   hash: null,
134 verbose parsed url   search: null,
134 verbose parsed url   query: null,
134 verbose parsed url   pathname: 'latest',
134 verbose parsed url   path: 'latest',
134 verbose parsed url   href: 'latest' }
135 verbose addNamed [ 'passport-facebook', 'latest' ]
136 verbose addNamed [ null, null ]
137 silly lockFile 82ca5952-passport-facebook-latest passport-facebook@latest
138 verbose lock passport-facebook@latest /home/sergey/.npm/82ca5952-passport-facebook-latest.lock
139 verbose cache add name="passport-google-oauth" spec="latest" args=["passport-google-oauth","latest"]
140 verbose parsed url { protocol: null,
140 verbose parsed url   slashes: null,
140 verbose parsed url   auth: null,
140 verbose parsed url   host: null,
140 verbose parsed url   port: null,
140 verbose parsed url   hostname: null,
140 verbose parsed url   hash: null,
140 verbose parsed url   search: null,
140 verbose parsed url   query: null,
140 verbose parsed url   pathname: 'latest',
140 verbose parsed url   path: 'latest',
140 verbose parsed url   href: 'latest' }
141 verbose addNamed [ 'passport-google-oauth', 'latest' ]
142 verbose addNamed [ null, null ]
143 silly lockFile 2c491da3-passport-google-oauth-latest passport-google-oauth@latest
144 verbose lock passport-google-oauth@latest /home/sergey/.npm/2c491da3-passport-google-oauth-latest.lock
145 info addNameTag [ 'passport-facebook', 'latest' ]
146 info addNameTag [ 'passport-google-oauth', 'latest' ]
147 verbose request where is /passport-google-oauth
148 verbose request registry https://registry.npmjs.org/
149 verbose url raw /passport-google-oauth
150 verbose url resolving [ 'https://registry.npmjs.org/', './passport-google-oauth' ]
151 verbose url resolved https://registry.npmjs.org/passport-google-oauth
152 verbose request where is https://registry.npmjs.org/passport-google-oauth
153 info trying registry request attempt 1 at 15:08:09
154 verbose etag "383LYOQJ7KDS7JED2FP7F2OHI"
155 http GET https://registry.npmjs.org/passport-google-oauth
156 verbose request where is /passport-facebook
157 verbose request registry https://registry.npmjs.org/
158 verbose url raw /passport-facebook
159 verbose url resolving [ 'https://registry.npmjs.org/', './passport-facebook' ]
160 verbose url resolved https://registry.npmjs.org/passport-facebook
161 verbose request where is https://registry.npmjs.org/passport-facebook
162 info trying registry request attempt 1 at 15:08:09
163 verbose etag "2TZ6MPGGIQXI874YHFF3IA6PP"
164 http GET https://registry.npmjs.org/passport-facebook
165 info retry will retry, error on last attempt: Error: getaddrinfo ENOTFOUND
166 error git fetch -a origin (https://github.com/DaftMonk/grunt-build-control) fatal: unable to access 'https://github.com/DaftMonk/grunt-build-control/': Could not resolve host: github.com
167 silly lockFile 7e4d577b-com-DaftMonk-grunt-build-control https://github.com/DaftMonk/grunt-build-control
168 silly lockFile 7e4d577b-com-DaftMonk-grunt-build-control https://github.com/DaftMonk/grunt-build-control
169 info retry will retry, error on last attempt: Error: getaddrinfo ENOTFOUND
170 info retry will retry, error on last attempt: Error: getaddrinfo ENOTFOUND
171 info trying registry request attempt 2 at 15:08:39
172 verbose etag "8ZUAABZMN3CXD0O1U3542IBSQ"
173 http GET https://registry.npmjs.org/passport-twitter
174 info trying registry request attempt 2 at 15:08:39
175 verbose etag "383LYOQJ7KDS7JED2FP7F2OHI"
176 http GET https://registry.npmjs.org/passport-google-oauth
177 info trying registry request attempt 2 at 15:08:39
178 verbose etag "2TZ6MPGGIQXI874YHFF3IA6PP"
179 http GET https://registry.npmjs.org/passport-facebook
180 http 304 https://registry.npmjs.org/passport-twitter
181 silly registry.get cb [ 304,
181 silly registry.get   { date: 'Fri, 20 Nov 2015 13:08:40 GMT',
181 silly registry.get     via: '1.1 varnish',
181 silly registry.get     'cache-control': 'max-age=60',
181 silly registry.get     etag: '"8ZUAABZMN3CXD0O1U3542IBSQ"',
181 silly registry.get     age: '6',
181 silly registry.get     connection: 'keep-alive',
181 silly registry.get     'x-served-by': 'cache-fra1228-FRA',
181 silly registry.get     'x-cache': 'HIT',
181 silly registry.get     'x-cache-hits': '1',
181 silly registry.get     'x-timer': 'S1448024920.007580,VS0,VE0',
181 silly registry.get     vary: 'Accept' } ]
182 verbose etag https://registry.npmjs.org/passport-twitter from cache
183 verbose addNamed [ 'passport-twitter', '1.0.3' ]
184 verbose addNamed [ '1.0.3', '1.0.3' ]
185 silly lockFile a65254eb-passport-twitter-1-0-3 passport-twitter@1.0.3
186 verbose lock passport-twitter@1.0.3 /home/sergey/.npm/a65254eb-passport-twitter-1-0-3.lock
187 silly lockFile a65254eb-passport-twitter-1-0-3 passport-twitter@1.0.3
188 silly lockFile a65254eb-passport-twitter-1-0-3 passport-twitter@1.0.3
189 silly lockFile d5de964c-passport-twitter-latest passport-twitter@latest
190 silly lockFile d5de964c-passport-twitter-latest passport-twitter@latest
191 info already installed passport-twitter@1.0.3
192 http 304 https://registry.npmjs.org/passport-google-oauth
193 silly registry.get cb [ 304,
193 silly registry.get   { date: 'Fri, 20 Nov 2015 13:08:40 GMT',
193 silly registry.get     via: '1.1 varnish',
193 silly registry.get     'cache-control': 'max-age=60',
193 silly registry.get     etag: '"383LYOQJ7KDS7JED2FP7F2OHI"',
193 silly registry.get     age: '6',
193 silly registry.get     connection: 'keep-alive',
193 silly registry.get     'x-served-by': 'cache-fra1243-FRA',
193 silly registry.get     'x-cache': 'HIT',
193 silly registry.get     'x-cache-hits': '1',
193 silly registry.get     'x-timer': 'S1448024920.140966,VS0,VE0',
193 silly registry.get     vary: 'Accept' } ]
194 verbose etag https://registry.npmjs.org/passport-google-oauth from cache
195 verbose addNamed [ 'passport-google-oauth', '0.2.0' ]
196 verbose addNamed [ '0.2.0', '0.2.0' ]
197 silly lockFile ef11d8df-passport-google-oauth-0-2-0 passport-google-oauth@0.2.0
198 verbose lock passport-google-oauth@0.2.0 /home/sergey/.npm/ef11d8df-passport-google-oauth-0-2-0.lock
199 silly lockFile ef11d8df-passport-google-oauth-0-2-0 passport-google-oauth@0.2.0
200 silly lockFile ef11d8df-passport-google-oauth-0-2-0 passport-google-oauth@0.2.0
201 silly lockFile 2c491da3-passport-google-oauth-latest passport-google-oauth@latest
202 silly lockFile 2c491da3-passport-google-oauth-latest passport-google-oauth@latest
203 info already installed passport-google-oauth@0.2.0
204 http 304 https://registry.npmjs.org/passport-facebook
205 silly registry.get cb [ 304,
205 silly registry.get   { date: 'Fri, 20 Nov 2015 13:08:40 GMT',
205 silly registry.get     via: '1.1 varnish',
205 silly registry.get     'cache-control': 'max-age=60',
205 silly registry.get     etag: '"2TZ6MPGGIQXI874YHFF3IA6PP"',
205 silly registry.get     age: '0',
205 silly registry.get     connection: 'keep-alive',
205 silly registry.get     'x-served-by': 'cache-fra1228-FRA',
205 silly registry.get     'x-cache': 'HIT',
205 silly registry.get     'x-cache-hits': '1',
205 silly registry.get     'x-timer': 'S1448024920.142947,VS0,VE99',
205 silly registry.get     vary: 'Accept' } ]
206 verbose etag https://registry.npmjs.org/passport-facebook from cache
207 verbose addNamed [ 'passport-facebook', '2.0.0' ]
208 verbose addNamed [ '2.0.0', '2.0.0' ]
209 silly lockFile 747c92ab-passport-facebook-2-0-0 passport-facebook@2.0.0
210 verbose lock passport-facebook@2.0.0 /home/sergey/.npm/747c92ab-passport-facebook-2-0-0.lock
211 silly lockFile 747c92ab-passport-facebook-2-0-0 passport-facebook@2.0.0
212 silly lockFile 747c92ab-passport-facebook-2-0-0 passport-facebook@2.0.0
213 silly lockFile 82ca5952-passport-facebook-latest passport-facebook@latest
214 silly lockFile 82ca5952-passport-facebook-latest passport-facebook@latest
215 info already installed passport-facebook@2.0.0
216 error Error: Command failed: fatal: unable to access 'https://github.com/DaftMonk/grunt-build-control/': Could not resolve host: github.com
216 error
216 error     at ChildProcess.exithandler (child_process.js:658:15)
216 error     at ChildProcess.emit (events.js:98:17)
216 error     at maybeClose (child_process.js:766:16)
216 error     at Process.ChildProcess._handle.onexit (child_process.js:833:5)
217 error If you need help, you may report this *entire* log,
217 error including the npm and node versions, at:
217 error     <http://github.com/npm/npm/issues>
218 error System Linux 3.19.0-25-generic
219 error command "/usr/bin/node" "/usr/bin/npm" "install"
220 error cwd /home/sergey/projects/Podyum
221 error node -v v0.10.40
222 error npm -v 1.4.28
223 error code 128
224 verbose exit [ 1, true ]
